[Licensing::Module] Trying to connect to existing licensing client channel...
Built from '6000.2/respin/6000.2.0f1-517f89d850d1' branch; Version is '6000.2.0f1 (eed1c594c913) revision 15651269'; Using compiler version '194234433'; Build Type 'Release'
[Licensing::IpcConnector] Successfully connected to: "LicenseClient-10790523" at "2026-04-15T21:24:15.7026486Z"
OS: 'Windows 11  (10.0.26200) 64bit Enterprise' Language: 'en' Physical Memory: 16098 MB
BatchMode: 1, IsHumanControllingUs: 0, StartBugReporterOnCrash: 0, Is64bit: 1
Date: 2026-04-15T21:24:15Z

COMMAND LINE ARGUMENTS:
C:\Program Files\Unity\Hub\Editor\6000.2.0f1\Editor\Unity.exe
-adb2
-batchMode
-noUpm
-name
AssetImportWorker1
-projectPath
C:/Users/10790523/Documents/IloveMyMomFPFinal
-logFile
Logs/AssetImportWorker1.log
-srvPort
54340
-job-worker-count
9
-background-job-worker-count
8
-gc-helper-count
1
-name
AssetImport
Successfully changed project path to: C:/Users/10790523/Documents/IloveMyMomFPFinal
C:/Users/10790523/Documents/IloveMyMomFPFinal
[UnityMemory] Configuration Parameters - Can be set up in boot.config
    "memorysetup-allocator-temp-initial-block-size-main=262144"
    "memorysetup-allocator-temp-initial-block-size-worker=262144"
    "memorysetup-bucket-allocator-granularity=16"
    "memorysetup-bucket-allocator-bucket-count=8"
    "memorysetup-bucket-allocator-block-size=33554432"
    "memorysetup-bucket-allocator-block-count=8"
    "memorysetup-main-allocator-block-size=16777216"
    "memorysetup-thread-allocator-block-size=16777216"
    "memorysetup-gfx-main-allocator-block-size=16777216"
    "memorysetup-gfx-thread-allocator-block-size=16777216"
    "memorysetup-cache-allocator-block-size=4194304"
    "memorysetup-typetree-allocator-block-size=2097152"
    "memorysetup-profiler-bucket-allocator-granularity=16"
    "memorysetup-profiler-bucket-allocator-bucket-count=8"
    "memorysetup-profiler-bucket-allocator-block-size=33554432"
    "memorysetup-profiler-bucket-allocator-block-count=8"
    "memorysetup-profiler-allocator-block-size=16777216"
    "memorysetup-profiler-editor-allocator-block-size=1048576"
    "memorysetup-temp-allocator-size-main=16777216"
    "memorysetup-job-temp-allocator-block-size=2097152"
    "memorysetup-job-temp-allocator-block-size-background=1048576"
    "memorysetup-job-temp-allocator-reduction-small-platforms=262144"
    "memorysetup-temp-allocator-size-background-worker=32768"
    "memorysetup-temp-allocator-size-job-worker=262144"
    "memorysetup-temp-allocator-size-preload-manager=33554432"
    "memorysetup-temp-allocator-size-nav-mesh-worker=65536"
    "memorysetup-temp-allocator-size-audio-worker=65536"
    "memorysetup-temp-allocator-size-cloud-worker=32768"
    "memorysetup-temp-allocator-size-gi-baking-worker=262144"
    "memorysetup-temp-allocator-size-gi-baking-worker=262144"
    "memorysetup-temp-allocator-size-gi-baking-worker=262144"
    "memorysetup-temp-allocator-size-gi-baking-worker=262144"
    "memorysetup-temp-allocator-size-gi-baking-worker=262144"
    "memorysetup-temp-allocator-size-gfx=262144"
Player connection [20788]  Target information:

Player connection [20788]  * "[IP] 10.111.27.41 [Port] 0 [Flags] 2 [Guid] 1407387927 [EditorId] 1407387927 [Version] 1048832 [Id] WindowsEditor(7,CS623-027) [Debug] 1 [PackageName] WindowsEditor [ProjectName] Editor" 

Player connection [20788] Host joined multi-casting on [225.0.0.222:54997]...
Player connection [20788] Host joined alternative multi-casting on [225.0.0.222:34997]...
JobSystem: Creating JobQueue using job-worker-count value 9
Input System module state changed to: Initialized.
[Physics::Module] Initialized fallback backend.
[Physics::Module] Id: 0xdecafbad
[Licensing::Client] Code 10 while verifying Licensing Client signature (process Id: 20036, path: "C:/Program Files/Unity Hub/UnityLicensingClient_V1/Unity.Licensing.Client.exe")
[Licensing::Module] LicensingClient has failed validation; ignoring
[Licensing::Client] Error: HandshakeResponse reported an error:
	ResponseCode: 505
	ResponseStatus: Unsupported protocol version '1.17.1'.
[Licensing::Module] Error: Failed to handshake to channel: "LicenseClient-10790523"
[Licensing::IpcConnector] LicenseClient-10790523 channel disconnected successfully.
[Licensing::IpcConnector] Successfully connected to: "LicenseClient-10790523-6000.2.0" at "2026-04-15T21:24:15.7782402Z"
Library Redirect Path: Library/
[Licensing::Client] Code 10 while verifying Licensing Client signature (process Id: 17844, path: "C:/Program Files/Unity/Hub/Editor/6000.2.0f1/Editor/Data/Resources/Licensing/Client/Unity.Licensing.Client.exe")
[Licensing::Module] LicensingClient has failed validation; ignoring
[Licensing::Client] Handshaking with LicensingClient:
  Version:                 1.17.1+ae67fbc
  Session Id:              debb1d99476d4ced872dd5f85eaa0570
  Correlation Id:          3655aa16a5bcd770a3509de0c07ad2af
  External correlation Id: 9118413187084179584
  Machine Id:              5v6SqeN7NUk+jmevZ1Ti/hXdPa0=
[Licensing::Module] Successfully connected to LicensingClient on channel: "LicenseClient-10790523-6000.2.0" (connect: 0.00s, validation: 0.00s, handshake: 0.01s)
[Licensing::IpcConnector] Successfully connected to: "LicenseClient-10790523-6000.2.0-notifications" at "2026-04-15T21:24:15.7925634Z"
[Licensing::Module] Licensing Background thread has ended after 0.09s
[Physics::Module] Selected backend.
[Physics::Module] Name: PhysX
[Physics::Module] Id: 0xf2b8ea05
[Physics::Module] SDK Version: 4.1.2
[Physics::Module] Integration Version: 1.0.0
[Physics::Module] Threading Mode: Multi-Threaded
Refreshing native plugins compatible for Editor in 42.41 ms, found 18 plugins.
Preloading 0 native plugins for Editor in 0.00 ms.
Initialize engine version: 6000.2.0f1 (eed1c594c913)
[Subsystems] Discovering subsystems at path C:/Program Files/Unity/Hub/Editor/6000.2.0f1/Editor/Data/Resources/UnitySubsystems
[Subsystems] Discovering subsystems at path C:/Users/10790523/Documents/IloveMyMomFPFinal/Assets
GfxDevice: creating device client; kGfxThreadingModeNonThreaded
Direct3D:
    Version:         Direct3D 12 [level 12.1]
    Renderer:        AMD Radeon RX 6400 (ID=0x743f)
    Vendor:          ATI
    VRAM:            4051 MB
    App VRAM Budget: 3444 MB
    Driver:          32.0.21028.4009
Initialize mono
Mono path[0] = 'C:/Program Files/Unity/Hub/Editor/6000.2.0f1/Editor/Data/Managed'
Mono path[1] = 'C:/Program Files/Unity/Hub/Editor/6000.2.0f1/Editor/Data/MonoBleedingEdge/lib/mono/unityjit-win32'
Mono config path = 'C:/Program Files/Unity/Hub/Editor/6000.2.0f1/Editor/Data/MonoBleedingEdge/etc'
Using monoOptions --debugger-agent=transport=dt_socket,embedding=1,server=y,suspend=n,address=127.0.0.1:56764
Begin MonoManager ReloadAssembly
Registering precompiled unity dll's ...
Register platform support module: C:/Program Files/Unity/Hub/Editor/6000.2.0f1/Editor/Data/PlaybackEngines/WebGLSupport/UnityEditor.WebGL.Extensions.dll
Register platform support module: C:/Program Files/Unity/Hub/Editor/6000.2.0f1/Editor/Data/PlaybackEngines/WindowsStandaloneSupport/UnityEditor.WindowsStandalone.Extensions.dll
Registered in 0.002218 seconds.
- Loaded All Assemblies, in  0.319 seconds
Native extension for WindowsStandalone target not found
Native extension for WebGL target not found
Mono: successfully reloaded assembly
- Finished resetting the current domain, in  0.288 seconds
Domain Reload Profiling: 607ms
	BeginReloadAssembly (119ms)
		ExecutionOrderSort (0ms)
		DisableScriptedObjects (0ms)
		BackupInstance (0ms)
		ReleaseScriptingObjects (0ms)
		CreateAndSetChildDomain (1ms)
	RebuildCommonClasses (31ms)
	RebuildNativeTypeToScriptingClass (9ms)
	initialDomainReloadingComplete (37ms)
	LoadAllAssembliesAndSetupDomain (122ms)
		LoadAssemblies (119ms)
		RebuildTransferFunctionScriptingTraits (0ms)
		AnalyzeDomain (119ms)
			TypeCache.Refresh (117ms)
				TypeCache.ScanAssembly (107ms)
			BuildScriptInfoCaches (0ms)
			ResolveRequiredComponents (1ms)
	FinalizeReload (288ms)
		ReleaseScriptCaches (0ms)
		RebuildScriptCaches (0ms)
		SetupLoadedEditorAssemblies (253ms)
			LogAssemblyErrors (0ms)
			InitializePlatformSupportModulesInManaged (47ms)
			SetLoadedEditorAssemblies (3ms)
			BeforeProcessingInitializeOnLoad (53ms)
			ProcessInitializeOnLoadAttributes (106ms)
			ProcessInitializeOnLoadMethodAttributes (44ms)
			AfterProcessingInitializeOnLoad (0ms)
			EditorAssembliesLoaded (0ms)
		ExecutionOrderSort2 (0ms)
		AwakeInstancesAfterBackupRestoration (0ms)
========================================================================
Worker process is ready to serve import requests
Import Worker Mode flag is 0x00
Begin MonoManager ReloadAssembly
[Licensing::Client] Successfully resolved entitlement details
[Licensing::Module] License group:
  Id: 1375867506101-UnityPersXXXX
  Product: Unity Personal
  Type: Assigned
  Expiration: Unlimited
- Loaded All Assemblies, in  0.678 seconds
Refreshing native plugins compatible for Editor in 17.00 ms, found 18 plugins.
Native extension for WindowsStandalone target not found
Native extension for WebGL target not found
Refreshing native plugins compatible for Editor in 19.39 ms, found 18 plugins.
WwiseUnity: (ERROR) Cannot find ProjectInfo.json at C:\Users\10790523\Documents\I-Love-My-Mom-Final-Project-FPS-Game\FPSGameWwiseProject\GeneratedSoundBanks\. Ensure that the Root Output Path in the Integration Settings matches the Root Output Path in the Wwise Project Settings on the SoundBanks tab, then regenerate the SoundBanks.
UnityEngine.Debug:ExtractStackTraceNoAlloc (byte*,int,string)
UnityEngine.StackTraceUtility:ExtractStackTrace ()
UnityEngine.DebugLogHandler:Internal_Log (UnityEngine.LogType,UnityEngine.LogOption,string,UnityEngine.Object)
UnityEngine.DebugLogHandler:LogFormat (UnityEngine.LogType,UnityEngine.Object,string,object[])
UnityEngine.Logger:Log (UnityEngine.LogType,object)
UnityEngine.Debug:LogError (object)
AK.Wwise.Unity.Logging.WwiseLogger:Log (AK.Wwise.Unity.Logging.LogLevel,string) (at Assets/Wwise/Logging/Runtime/WwiseLogger.cs:166)
AK.Wwise.Unity.Logging.WwiseLogger:Error (string) (at Assets/Wwise/Logging/Runtime/WwiseLogger.cs:62)
Wwise.API.Editor.SoundBankDirectoryWatcher.Common.AkSoundBankDirectoryWatcher/<InitProjectDB>d__17:MoveNext () (at Assets/Wwise/API/Editor/AkSoundBankDirectoryWatcher.cs:118)
System.Runtime.CompilerServices.AsyncTaskMethodBuilder:Start<Wwise.API.Editor.SoundBankDirectoryWatcher.Common.AkSoundBankDirectoryWatcher/<InitProjectDB>d__17> (Wwise.API.Editor.SoundBankDirectoryWatcher.Common.AkSoundBankDirectoryWatcher/<InitProjectDB>d__17&)
Wwise.API.Editor.SoundBankDirectoryWatcher.Common.AkSoundBankDirectoryWatcher:InitProjectDB (string,string,System.DateTime)
Wwise.API.Editor.SoundBankDirectoryWatcher.Common.AkSoundBankDirectoryWatcher/<>c__DisplayClass15_0:<Execute>b__0 () (at Assets/Wwise/API/Editor/AkSoundBankDirectoryWatcher.cs:90)
System.Threading.Tasks.Task`1<System.Threading.Tasks.Task>:InnerInvoke ()
System.Threading.Tasks.Task:Execute ()
System.Threading.Tasks.Task:ExecutionContextCallback (object)
System.Threading.ExecutionContext:RunInternal (System.Threading.ExecutionContext,System.Threading.ContextCallback,object,bool)
System.Threading.ExecutionContext:Run (System.Threading.ExecutionContext,System.Threading.ContextCallback,object,bool)
System.Threading.Tasks.Task:ExecuteWithThreadLocal (System.Threading.Tasks.Task&)
System.Threading.Tasks.Task:ExecuteEntry (bool)
System.Threading.Tasks.Task:System.Threading.IThreadPoolWorkItem.ExecuteWorkItem ()
System.Threading.ThreadPoolWorkQueue:Dispatch ()
System.Threading._ThreadPoolWaitCallback:PerformWaitCallback ()

(Filename: Assets/Wwise/Logging/Runtime/WwiseLogger.cs Line: 62)

Mono: successfully reloaded assembly
- Finished resetting the current domain, in  0.695 seconds
Domain Reload Profiling: 1372ms
	BeginReloadAssembly (161ms)
		ExecutionOrderSort (0ms)
		DisableScriptedObjects (5ms)
		BackupInstance (0ms)
		ReleaseScriptingObjects (0ms)
		CreateAndSetChildDomain (24ms)
	RebuildCommonClasses (32ms)
	RebuildNativeTypeToScriptingClass (9ms)
	initialDomainReloadingComplete (36ms)
	LoadAllAssembliesAndSetupDomain (439ms)
		LoadAssemblies (355ms)
		RebuildTransferFunctionScriptingTraits (0ms)
		AnalyzeDomain (180ms)
			TypeCache.Refresh (131ms)
				TypeCache.ScanAssembly (120ms)
			BuildScriptInfoCaches (35ms)
			ResolveRequiredComponents (10ms)
	FinalizeReload (696ms)
		ReleaseScriptCaches (0ms)
		RebuildScriptCaches (0ms)
		SetupLoadedEditorAssemblies (541ms)
			LogAssemblyErrors (0ms)
			InitializePlatformSupportModulesInManaged (2ms)
			SetLoadedEditorAssemblies (4ms)
			BeforeProcessingInitializeOnLoad (92ms)
			ProcessInitializeOnLoadAttributes (397ms)
			ProcessInitializeOnLoadMethodAttributes (45ms)
			AfterProcessingInitializeOnLoad (2ms)
			EditorAssembliesLoaded (0ms)
		ExecutionOrderSort2 (0ms)
		AwakeInstancesAfterBackupRestoration (7ms)
Launched and connected shader compiler UnityShaderCompiler.exe after 0.03 seconds
Refreshing native plugins compatible for Editor in 16.53 ms, found 18 plugins.
Preloading 0 native plugins for Editor in 0.00 ms.
Unloading 13 Unused Serialized files (Serialized files now loaded: 0)
Unloading 6785 unused Assets / (4.0 MB). Loaded Objects now: 7430.
Memory consumption went from 133.2 MB to 129.2 MB.
Total: 7.535400 ms (FindLiveObjects: 1.187500 ms CreateObjectMapping: 0.520900 ms MarkObjects: 3.798700 ms  DeleteObjects: 2.027500 ms)

========================================================================
Received Import Request.
  Time since last request: 64900.564897 seconds.
  path: Assets/Prefabs/Starting Room.prefab
  artifactKey: Guid(72a358cf2b730094dbab34f692f06399) Importer(815301076,1909f56bfc062723c751e8b465ee728b)
Start importing Assets/Prefabs/Starting Room.prefab using Guid(72a358cf2b730094dbab34f692f06399) Importer(815301076,1909f56bfc062723c751e8b465ee728b) (PreviewImporter) -> (artifact id: '45deae41f5df1ca9aa1ee80eb2517592') in 0.579183 seconds
Number of updated asset objects reloaded before import = 0Number of asset objects unloaded after import = 106

========================================================================
Received Import Request.
  Time since last request: 1.477280 seconds.
  path: Assets/Prefabs/Opening_Door_In_Frame.prefab
  artifactKey: Guid(b45339b9dbc20b943b4f29cbd39881f8) Importer(815301076,1909f56bfc062723c751e8b465ee728b)
Start importing Assets/Prefabs/Opening_Door_In_Frame.prefab using Guid(b45339b9dbc20b943b4f29cbd39881f8) Importer(815301076,1909f56bfc062723c751e8b465ee728b) (PreviewImporter) -> (artifact id: '483ef505ed0ec004147f826bfe6733e8') in 0.0314184 seconds
Number of updated asset objects reloaded before import = 0Number of asset objects unloaded after import = 32

========================================================================
Received Prepare
Begin MonoManager ReloadAssembly
- Loaded All Assemblies, in  0.662 seconds
Refreshing native plugins compatible for Editor in 17.40 ms, found 18 plugins.
Native extension for WindowsStandalone target not found
Native extension for WebGL target not found
WwiseUnity: (ERROR) Cannot find ProjectInfo.json at C:\Users\10790523\Documents\I-Love-My-Mom-Final-Project-FPS-Game\FPSGameWwiseProject\GeneratedSoundBanks\. Ensure that the Root Output Path in the Integration Settings matches the Root Output Path in the Wwise Project Settings on the SoundBanks tab, then regenerate the SoundBanks.
UnityEngine.Debug:ExtractStackTraceNoAlloc (byte*,int,string)
UnityEngine.StackTraceUtility:ExtractStackTrace ()
UnityEngine.DebugLogHandler:Internal_Log (UnityEngine.LogType,UnityEngine.LogOption,string,UnityEngine.Object)
UnityEngine.DebugLogHandler:LogFormat (UnityEngine.LogType,UnityEngine.Object,string,object[])
UnityEngine.Logger:Log (UnityEngine.LogType,object)
UnityEngine.Debug:LogError (object)
AK.Wwise.Unity.Logging.WwiseLogger:Log (AK.Wwise.Unity.Logging.LogLevel,string) (at Assets/Wwise/Logging/Runtime/WwiseLogger.cs:166)
AK.Wwise.Unity.Logging.WwiseLogger:Error (string) (at Assets/Wwise/Logging/Runtime/WwiseLogger.cs:62)
Wwise.API.Editor.SoundBankDirectoryWatcher.Common.AkSoundBankDirectoryWatcher/<InitProjectDB>d__17:MoveNext () (at Assets/Wwise/API/Editor/AkSoundBankDirectoryWatcher.cs:118)
System.Runtime.CompilerServices.AsyncTaskMethodBuilder:Start<Wwise.API.Editor.SoundBankDirectoryWatcher.Common.AkSoundBankDirectoryWatcher/<InitProjectDB>d__17> (Wwise.API.Editor.SoundBankDirectoryWatcher.Common.AkSoundBankDirectoryWatcher/<InitProjectDB>d__17&)
Wwise.API.Editor.SoundBankDirectoryWatcher.Common.AkSoundBankDirectoryWatcher:InitProjectDB (string,string,System.DateTime)
Wwise.API.Editor.SoundBankDirectoryWatcher.Common.AkSoundBankDirectoryWatcher/<>c__DisplayClass15_0:<Execute>b__0 () (at Assets/Wwise/API/Editor/AkSoundBankDirectoryWatcher.cs:90)
System.Threading.Tasks.Task`1<System.Threading.Tasks.Task>:InnerInvoke ()
System.Threading.Tasks.Task:Execute ()
System.Threading.Tasks.Task:ExecutionContextCallback (object)
System.Threading.ExecutionContext:RunInternal (System.Threading.ExecutionContext,System.Threading.ContextCallback,object,bool)
System.Threading.ExecutionContext:Run (System.Threading.ExecutionContext,System.Threading.ContextCallback,object,bool)
System.Threading.Tasks.Task:ExecuteWithThreadLocal (System.Threading.Tasks.Task&)
System.Threading.Tasks.Task:ExecuteEntry (bool)
System.Threading.Tasks.Task:System.Threading.IThreadPoolWorkItem.ExecuteWorkItem ()
System.Threading.ThreadPoolWorkQueue:Dispatch ()
System.Threading._ThreadPoolWaitCallback:PerformWaitCallback ()

(Filename: Assets/Wwise/Logging/Runtime/WwiseLogger.cs Line: 62)

Mono: successfully reloaded assembly
- Finished resetting the current domain, in  0.681 seconds
Domain Reload Profiling: 1345ms
	BeginReloadAssembly (194ms)
		ExecutionOrderSort (0ms)
		DisableScriptedObjects (15ms)
		BackupInstance (0ms)
		ReleaseScriptingObjects (0ms)
		CreateAndSetChildDomain (50ms)
	RebuildCommonClasses (26ms)
	RebuildNativeTypeToScriptingClass (9ms)
	initialDomainReloadingComplete (24ms)
	LoadAllAssembliesAndSetupDomain (411ms)
		LoadAssemblies (362ms)
		RebuildTransferFunctionScriptingTraits (0ms)
		AnalyzeDomain (136ms)
			TypeCache.Refresh (7ms)
				TypeCache.ScanAssembly (0ms)
			BuildScriptInfoCaches (116ms)
			ResolveRequiredComponents (8ms)
	FinalizeReload (681ms)
		ReleaseScriptCaches (0ms)
		RebuildScriptCaches (0ms)
		SetupLoadedEditorAssemblies (544ms)
			LogAssemblyErrors (0ms)
			InitializePlatformSupportModulesInManaged (2ms)
			SetLoadedEditorAssemblies (5ms)
			BeforeProcessingInitializeOnLoad (98ms)
			ProcessInitializeOnLoadAttributes (399ms)
			ProcessInitializeOnLoadMethodAttributes (39ms)
			AfterProcessingInitializeOnLoad (2ms)
			EditorAssembliesLoaded (0ms)
		ExecutionOrderSort2 (0ms)
		AwakeInstancesAfterBackupRestoration (13ms)
Refreshing native plugins compatible for Editor in 21.05 ms, found 18 plugins.
Preloading 0 native plugins for Editor in 0.00 ms.
Unloading 13 Unused Serialized files (Serialized files now loaded: 0)
Unloading 6781 unused Assets / (5.0 MB). Loaded Objects now: 7479.
Memory consumption went from 156.2 MB to 151.3 MB.
Total: 9.125000 ms (FindLiveObjects: 0.704600 ms CreateObjectMapping: 0.781800 ms MarkObjects: 4.633400 ms  DeleteObjects: 3.004000 ms)

Prepare: number of updated asset objects reloaded= 0
========================================================================
Received Prepare
Begin MonoManager ReloadAssembly
- Loaded All Assemblies, in  0.661 seconds
Refreshing native plugins compatible for Editor in 21.25 ms, found 18 plugins.
Native extension for WindowsStandalone target not found
Native extension for WebGL target not found
WwiseUnity: (ERROR) Cannot find ProjectInfo.json at C:\Users\10790523\Documents\I-Love-My-Mom-Final-Project-FPS-Game\FPSGameWwiseProject\GeneratedSoundBanks\. Ensure that the Root Output Path in the Integration Settings matches the Root Output Path in the Wwise Project Settings on the SoundBanks tab, then regenerate the SoundBanks.
UnityEngine.Debug:ExtractStackTraceNoAlloc (byte*,int,string)
UnityEngine.StackTraceUtility:ExtractStackTrace ()
UnityEngine.DebugLogHandler:Internal_Log (UnityEngine.LogType,UnityEngine.LogOption,string,UnityEngine.Object)
UnityEngine.DebugLogHandler:LogFormat (UnityEngine.LogType,UnityEngine.Object,string,object[])
UnityEngine.Logger:Log (UnityEngine.LogType,object)
UnityEngine.Debug:LogError (object)
AK.Wwise.Unity.Logging.WwiseLogger:Log (AK.Wwise.Unity.Logging.LogLevel,string) (at Assets/Wwise/Logging/Runtime/WwiseLogger.cs:166)
AK.Wwise.Unity.Logging.WwiseLogger:Error (string) (at Assets/Wwise/Logging/Runtime/WwiseLogger.cs:62)
Wwise.API.Editor.SoundBankDirectoryWatcher.Common.AkSoundBankDirectoryWatcher/<InitProjectDB>d__17:MoveNext () (at Assets/Wwise/API/Editor/AkSoundBankDirectoryWatcher.cs:118)
System.Runtime.CompilerServices.AsyncTaskMethodBuilder:Start<Wwise.API.Editor.SoundBankDirectoryWatcher.Common.AkSoundBankDirectoryWatcher/<InitProjectDB>d__17> (Wwise.API.Editor.SoundBankDirectoryWatcher.Common.AkSoundBankDirectoryWatcher/<InitProjectDB>d__17&)
Wwise.API.Editor.SoundBankDirectoryWatcher.Common.AkSoundBankDirectoryWatcher:InitProjectDB (string,string,System.DateTime)
Wwise.API.Editor.SoundBankDirectoryWatcher.Common.AkSoundBankDirectoryWatcher/<>c__DisplayClass15_0:<Execute>b__0 () (at Assets/Wwise/API/Editor/AkSoundBankDirectoryWatcher.cs:90)
System.Threading.Tasks.Task`1<System.Threading.Tasks.Task>:InnerInvoke ()
System.Threading.Tasks.Task:Execute ()
System.Threading.Tasks.Task:ExecutionContextCallback (object)
System.Threading.ExecutionContext:RunInternal (System.Threading.ExecutionContext,System.Threading.ContextCallback,object,bool)
System.Threading.ExecutionContext:Run (System.Threading.ExecutionContext,System.Threading.ContextCallback,object,bool)
System.Threading.Tasks.Task:ExecuteWithThreadLocal (System.Threading.Tasks.Task&)
System.Threading.Tasks.Task:ExecuteEntry (bool)
System.Threading.Tasks.Task:System.Threading.IThreadPoolWorkItem.ExecuteWorkItem ()
System.Threading.ThreadPoolWorkQueue:Dispatch ()
System.Threading._ThreadPoolWaitCallback:PerformWaitCallback ()

(Filename: Assets/Wwise/Logging/Runtime/WwiseLogger.cs Line: 62)

Mono: successfully reloaded assembly
- Finished resetting the current domain, in  0.649 seconds
Domain Reload Profiling: 1313ms
	BeginReloadAssembly (175ms)
		ExecutionOrderSort (0ms)
		DisableScriptedObjects (4ms)
		BackupInstance (0ms)
		ReleaseScriptingObjects (0ms)
		CreateAndSetChildDomain (42ms)
	RebuildCommonClasses (26ms)
	RebuildNativeTypeToScriptingClass (9ms)
	initialDomainReloadingComplete (24ms)
	LoadAllAssembliesAndSetupDomain (431ms)
		LoadAssemblies (356ms)
		RebuildTransferFunctionScriptingTraits (0ms)
		AnalyzeDomain (158ms)
			TypeCache.Refresh (8ms)
				TypeCache.ScanAssembly (0ms)
			BuildScriptInfoCaches (137ms)
			ResolveRequiredComponents (10ms)
	FinalizeReload (649ms)
		ReleaseScriptCaches (0ms)
		RebuildScriptCaches (0ms)
		SetupLoadedEditorAssemblies (521ms)
			LogAssemblyErrors (0ms)
			InitializePlatformSupportModulesInManaged (2ms)
			SetLoadedEditorAssemblies (4ms)
			BeforeProcessingInitializeOnLoad (91ms)
			ProcessInitializeOnLoadAttributes (380ms)
			ProcessInitializeOnLoadMethodAttributes (41ms)
			AfterProcessingInitializeOnLoad (2ms)
			EditorAssembliesLoaded (0ms)
		ExecutionOrderSort2 (0ms)
		AwakeInstancesAfterBackupRestoration (14ms)
Refreshing native plugins compatible for Editor in 20.36 ms, found 18 plugins.
Preloading 0 native plugins for Editor in 0.00 ms.
Unloading 13 Unused Serialized files (Serialized files now loaded: 0)
Unloading 6781 unused Assets / (3.8 MB). Loaded Objects now: 7482.
Memory consumption went from 157.7 MB to 154.0 MB.
Total: 7.222600 ms (FindLiveObjects: 0.637500 ms CreateObjectMapping: 0.579200 ms MarkObjects: 3.964800 ms  DeleteObjects: 2.040300 ms)

Prepare: number of updated asset objects reloaded= 0
========================================================================
Received Import Request.
  Time since last request: 81.579692 seconds.
  path: Assets/Prefabs/Opening_Door_In_Frame.prefab
  artifactKey: Guid(b45339b9dbc20b943b4f29cbd39881f8) Importer(815301076,1909f56bfc062723c751e8b465ee728b)
Start importing Assets/Prefabs/Opening_Door_In_Frame.prefab using Guid(b45339b9dbc20b943b4f29cbd39881f8) Importer(815301076,1909f56bfc062723c751e8b465ee728b) (PreviewImporter) -> (artifact id: '189fe30178fce013350b56fb87a39d71') in 0.381325 seconds
Number of updated asset objects reloaded before import = 0Number of asset objects unloaded after import = 32

========================================================================
Received Import Request.
  Time since last request: 16.664091 seconds.
  path: Assets/Prefabs/Opening_Door_In_Frame.prefab
  artifactKey: Guid(b45339b9dbc20b943b4f29cbd39881f8) Importer(815301076,1909f56bfc062723c751e8b465ee728b)
Start importing Assets/Prefabs/Opening_Door_In_Frame.prefab using Guid(b45339b9dbc20b943b4f29cbd39881f8) Importer(815301076,1909f56bfc062723c751e8b465ee728b) (PreviewImporter) -> (artifact id: '71f01b28a9745f486f43fd20dd64d0d9') in 0.0291583 seconds
Number of updated asset objects reloaded before import = 0Number of asset objects unloaded after import = 32

========================================================================
Received Import Request.
  Time since last request: 21.488895 seconds.
  path: Assets/Prefabs/Opening_Door_In_Frame.prefab
  artifactKey: Guid(b45339b9dbc20b943b4f29cbd39881f8) Importer(815301076,1909f56bfc062723c751e8b465ee728b)
Start importing Assets/Prefabs/Opening_Door_In_Frame.prefab using Guid(b45339b9dbc20b943b4f29cbd39881f8) Importer(815301076,1909f56bfc062723c751e8b465ee728b) (PreviewImporter) -> (artifact id: 'd5f8671665dd354e73ffef15d720a03b') in 0.0296558 seconds
Number of updated asset objects reloaded before import = 0Number of asset objects unloaded after import = 32

