[Licensing::Module] Trying to connect to existing licensing client channel...
Built from '6000.2/respin/6000.2.0f1-517f89d850d1' branch; Version is '6000.2.0f1 (eed1c594c913) revision 15651269'; Using compiler version '194234433'; Build Type 'Release'
[Licensing::IpcConnector] Successfully connected to: "LicenseClient-10790523" at "2026-04-15T21:14:41.5904249Z"
OS: 'Windows 11  (10.0.26200) 64bit Enterprise' Language: 'en' Physical Memory: 16098 MB
BatchMode: 1, IsHumanControllingUs: 0, StartBugReporterOnCrash: 0, Is64bit: 1
Date: 2026-04-15T21:14:41Z

COMMAND LINE ARGUMENTS:
C:\Program Files\Unity\Hub\Editor\6000.2.0f1\Editor\Unity.exe
-adb2
-batchMode
-noUpm
-name
AssetImportWorker3
-projectPath
C:/Users/10790523/Documents/IloveMyMomFPFinal
-logFile
Logs/AssetImportWorker3.log
-srvPort
51985
-licensingIpc
LicenseClient-10790523
-job-worker-count
9
-background-job-worker-count
8
-gc-helper-count
1
-name
AssetImport
Successfully changed project path to: C:/Users/10790523/Documents/IloveMyMomFPFinal
C:/Users/10790523/Documents/IloveMyMomFPFinal
[UnityMemory] Configuration Parameters - Can be set up in boot.config
    "memorysetup-allocator-temp-initial-block-size-main=262144"
    "memorysetup-allocator-temp-initial-block-size-worker=262144"
    "memorysetup-bucket-allocator-granularity=16"
    "memorysetup-bucket-allocator-bucket-count=8"
    "memorysetup-bucket-allocator-block-size=33554432"
    "memorysetup-bucket-allocator-block-count=8"
    "memorysetup-main-allocator-block-size=16777216"
    "memorysetup-thread-allocator-block-size=16777216"
    "memorysetup-gfx-main-allocator-block-size=16777216"
    "memorysetup-gfx-thread-allocator-block-size=16777216"
    "memorysetup-cache-allocator-block-size=4194304"
    "memorysetup-typetree-allocator-block-size=2097152"
    "memorysetup-profiler-bucket-allocator-granularity=16"
    "memorysetup-profiler-bucket-allocator-bucket-count=8"
    "memorysetup-profiler-bucket-allocator-block-size=33554432"
    "memorysetup-profiler-bucket-allocator-block-count=8"
    "memorysetup-profiler-allocator-block-size=16777216"
    "memorysetup-profiler-editor-allocator-block-size=1048576"
    "memorysetup-temp-allocator-size-main=16777216"
    "memorysetup-job-temp-allocator-block-size=2097152"
    "memorysetup-job-temp-allocator-block-size-background=1048576"
    "memorysetup-job-temp-allocator-reduction-small-platforms=262144"
    "memorysetup-temp-allocator-size-background-worker=32768"
    "memorysetup-temp-allocator-size-job-worker=262144"
    "memorysetup-temp-allocator-size-preload-manager=33554432"
    "memorysetup-temp-allocator-size-nav-mesh-worker=65536"
    "memorysetup-temp-allocator-size-audio-worker=65536"
    "memorysetup-temp-allocator-size-cloud-worker=32768"
    "memorysetup-temp-allocator-size-gi-baking-worker=262144"
    "memorysetup-temp-allocator-size-gi-baking-worker=262144"
    "memorysetup-temp-allocator-size-gi-baking-worker=262144"
    "memorysetup-temp-allocator-size-gi-baking-worker=262144"
    "memorysetup-temp-allocator-size-gi-baking-worker=262144"
    "memorysetup-temp-allocator-size-gfx=262144"
Player connection [10744]  Target information:

Player connection [10744]  * "[IP] 10.111.27.41 [Port] 0 [Flags] 2 [Guid] 3717180450 [EditorId] 3717180450 [Version] 1048832 [Id] WindowsEditor(7,CS623-027) [Debug] 1 [PackageName] WindowsEditor [ProjectName] Editor" 

Player connection [10744] Host joined multi-casting on [225.0.0.222:54997]...
Player connection [10744] Host joined alternative multi-casting on [225.0.0.222:34997]...
JobSystem: Creating JobQueue using job-worker-count value 9
Input System module state changed to: Initialized.
[Physics::Module] Initialized fallback backend.
[Physics::Module] Id: 0xdecafbad
[Licensing::Client] Code 10 while verifying Licensing Client signature (process Id: 20036, path: "C:/Program Files/Unity Hub/UnityLicensingClient_V1/Unity.Licensing.Client.exe")
[Licensing::Module] LicensingClient has failed validation; ignoring
[Licensing::Client] Error: HandshakeResponse reported an error:
	ResponseCode: 505
	ResponseStatus: Unsupported protocol version '1.17.1'.
[Licensing::Module] Error: Failed to handshake to channel: "LicenseClient-10790523"
[Licensing::IpcConnector] LicenseClient-10790523 channel disconnected successfully.
[Licensing::IpcConnector] Successfully connected to: "LicenseClient-10790523-6000.2.0" at "2026-04-15T21:14:41.663981Z"
Library Redirect Path: Library/
[Licensing::Client] Code 10 while verifying Licensing Client signature (process Id: 24776, path: "C:/Program Files/Unity/Hub/Editor/6000.2.0f1/Editor/Data/Resources/Licensing/Client/Unity.Licensing.Client.exe")
[Licensing::Module] LicensingClient has failed validation; ignoring
[Licensing::Client] Handshaking with LicensingClient:
  Version:                 1.17.1+ae67fbc
  Session Id:              02fba6e02ac44cc7a52c2218f3076d49
  Correlation Id:          962e29e2af070ce97a057bd20880f0eb
  External correlation Id: 7220733263998201431
  Machine Id:              5v6SqeN7NUk+jmevZ1Ti/hXdPa0=
[Licensing::Module] Successfully connected to LicensingClient on channel: "LicenseClient-10790523-6000.2.0" (connect: 0.00s, validation: 0.00s, handshake: 0.01s)
[Licensing::IpcConnector] Successfully connected to: "LicenseClient-10790523-6000.2.0-notifications" at "2026-04-15T21:14:41.6802832Z"
[Licensing::Module] Licensing Background thread has ended after 0.09s
[Physics::Module] Selected backend.
[Physics::Module] Name: PhysX
[Physics::Module] Id: 0xf2b8ea05
[Physics::Module] SDK Version: 4.1.2
[Physics::Module] Integration Version: 1.0.0
[Physics::Module] Threading Mode: Multi-Threaded
Refreshing native plugins compatible for Editor in 40.91 ms, found 18 plugins.
Preloading 0 native plugins for Editor in 0.00 ms.
Initialize engine version: 6000.2.0f1 (eed1c594c913)
[Subsystems] Discovering subsystems at path C:/Program Files/Unity/Hub/Editor/6000.2.0f1/Editor/Data/Resources/UnitySubsystems
[Subsystems] Discovering subsystems at path C:/Users/10790523/Documents/IloveMyMomFPFinal/Assets
GfxDevice: creating device client; kGfxThreadingModeNonThreaded
Direct3D:
    Version:         Direct3D 12 [level 12.1]
    Renderer:        AMD Radeon RX 6400 (ID=0x743f)
    Vendor:          ATI
    VRAM:            4051 MB
    App VRAM Budget: 3444 MB
    Driver:          32.0.21028.4009
Initialize mono
Mono path[0] = 'C:/Program Files/Unity/Hub/Editor/6000.2.0f1/Editor/Data/Managed'
Mono path[1] = 'C:/Program Files/Unity/Hub/Editor/6000.2.0f1/Editor/Data/MonoBleedingEdge/lib/mono/unityjit-win32'
Mono config path = 'C:/Program Files/Unity/Hub/Editor/6000.2.0f1/Editor/Data/MonoBleedingEdge/etc'
Using monoOptions --debugger-agent=transport=dt_socket,embedding=1,server=y,suspend=n,address=127.0.0.1:56768
Begin MonoManager ReloadAssembly
Registering precompiled unity dll's ...
Register platform support module: C:/Program Files/Unity/Hub/Editor/6000.2.0f1/Editor/Data/PlaybackEngines/WebGLSupport/UnityEditor.WebGL.Extensions.dll
Register platform support module: C:/Program Files/Unity/Hub/Editor/6000.2.0f1/Editor/Data/PlaybackEngines/WindowsStandaloneSupport/UnityEditor.WindowsStandalone.Extensions.dll
Registered in 0.001869 seconds.
- Loaded All Assemblies, in  0.301 seconds
Native extension for WindowsStandalone target not found
Native extension for WebGL target not found
Mono: successfully reloaded assembly
- Finished resetting the current domain, in  0.256 seconds
Domain Reload Profiling: 558ms
	BeginReloadAssembly (113ms)
		ExecutionOrderSort (0ms)
		DisableScriptedObjects (0ms)
		BackupInstance (0ms)
		ReleaseScriptingObjects (0ms)
		CreateAndSetChildDomain (1ms)
	RebuildCommonClasses (29ms)
	RebuildNativeTypeToScriptingClass (9ms)
	initialDomainReloadingComplete (34ms)
	LoadAllAssembliesAndSetupDomain (116ms)
		LoadAssemblies (113ms)
		RebuildTransferFunctionScriptingTraits (0ms)
		AnalyzeDomain (113ms)
			TypeCache.Refresh (112ms)
				TypeCache.ScanAssembly (102ms)
			BuildScriptInfoCaches (0ms)
			ResolveRequiredComponents (0ms)
	FinalizeReload (257ms)
		ReleaseScriptCaches (0ms)
		RebuildScriptCaches (0ms)
		SetupLoadedEditorAssemblies (223ms)
			LogAssemblyErrors (0ms)
			InitializePlatformSupportModulesInManaged (42ms)
			SetLoadedEditorAssemblies (3ms)
			BeforeProcessingInitializeOnLoad (45ms)
			ProcessInitializeOnLoadAttributes (92ms)
			ProcessInitializeOnLoadMethodAttributes (40ms)
			AfterProcessingInitializeOnLoad (0ms)
			EditorAssembliesLoaded (0ms)
		ExecutionOrderSort2 (0ms)
		AwakeInstancesAfterBackupRestoration (0ms)
========================================================================
Worker process is ready to serve import requests
Import Worker Mode flag is 0x00
Begin MonoManager ReloadAssembly
[Licensing::Client] Successfully resolved entitlement details
[Licensing::Module] License group:
  Id: 1375867506101-UnityPersXXXX
  Product: Unity Personal
  Type: Assigned
  Expiration: Unlimited
- Loaded All Assemblies, in  0.672 seconds
Refreshing native plugins compatible for Editor in 17.28 ms, found 18 plugins.
Native extension for WindowsStandalone target not found
Native extension for WebGL target not found
Refreshing native plugins compatible for Editor in 17.06 ms, found 18 plugins.
WwiseUnity: (ERROR) Cannot find ProjectInfo.json at C:\Users\10790523\Documents\I-Love-My-Mom-Final-Project-FPS-Game\FPSGameWwiseProject\GeneratedSoundBanks\. Ensure that the Root Output Path in the Integration Settings matches the Root Output Path in the Wwise Project Settings on the SoundBanks tab, then regenerate the SoundBanks.
UnityEngine.Debug:ExtractStackTraceNoAlloc (byte*,int,string)
UnityEngine.StackTraceUtility:ExtractStackTrace ()
UnityEngine.DebugLogHandler:Internal_Log (UnityEngine.LogType,UnityEngine.LogOption,string,UnityEngine.Object)
UnityEngine.DebugLogHandler:LogFormat (UnityEngine.LogType,UnityEngine.Object,string,object[])
UnityEngine.Logger:Log (UnityEngine.LogType,object)
UnityEngine.Debug:LogError (object)
AK.Wwise.Unity.Logging.WwiseLogger:Log (AK.Wwise.Unity.Logging.LogLevel,string) (at Assets/Wwise/Logging/Runtime/WwiseLogger.cs:166)
AK.Wwise.Unity.Logging.WwiseLogger:Error (string) (at Assets/Wwise/Logging/Runtime/WwiseLogger.cs:62)
Wwise.API.Editor.SoundBankDirectoryWatcher.Common.AkSoundBankDirectoryWatcher/<InitProjectDB>d__17:MoveNext () (at Assets/Wwise/API/Editor/AkSoundBankDirectoryWatcher.cs:118)
System.Runtime.CompilerServices.AsyncTaskMethodBuilder:Start<Wwise.API.Editor.SoundBankDirectoryWatcher.Common.AkSoundBankDirectoryWatcher/<InitProjectDB>d__17> (Wwise.API.Editor.SoundBankDirectoryWatcher.Common.AkSoundBankDirectoryWatcher/<InitProjectDB>d__17&)
Wwise.API.Editor.SoundBankDirectoryWatcher.Common.AkSoundBankDirectoryWatcher:InitProjectDB (string,string,System.DateTime)
Wwise.API.Editor.SoundBankDirectoryWatcher.Common.AkSoundBankDirectoryWatcher/<>c__DisplayClass15_0:<Execute>b__0 () (at Assets/Wwise/API/Editor/AkSoundBankDirectoryWatcher.cs:90)
System.Threading.Tasks.Task`1<System.Threading.Tasks.Task>:InnerInvoke ()
System.Threading.Tasks.Task:Execute ()
System.Threading.Tasks.Task:ExecutionContextCallback (object)
System.Threading.ExecutionContext:RunInternal (System.Threading.ExecutionContext,System.Threading.ContextCallback,object,bool)
System.Threading.ExecutionContext:Run (System.Threading.ExecutionContext,System.Threading.ContextCallback,object,bool)
System.Threading.Tasks.Task:ExecuteWithThreadLocal (System.Threading.Tasks.Task&)
System.Threading.Tasks.Task:ExecuteEntry (bool)
System.Threading.Tasks.Task:System.Threading.IThreadPoolWorkItem.ExecuteWorkItem ()
System.Threading.ThreadPoolWorkQueue:Dispatch ()
System.Threading._ThreadPoolWaitCallback:PerformWaitCallback ()

(Filename: Assets/Wwise/Logging/Runtime/WwiseLogger.cs Line: 62)

Mono: successfully reloaded assembly
- Finished resetting the current domain, in  0.705 seconds
Domain Reload Profiling: 1376ms
	BeginReloadAssembly (151ms)
		ExecutionOrderSort (0ms)
		DisableScriptedObjects (5ms)
		BackupInstance (0ms)
		ReleaseScriptingObjects (0ms)
		CreateAndSetChildDomain (22ms)
	RebuildCommonClasses (29ms)
	RebuildNativeTypeToScriptingClass (9ms)
	initialDomainReloadingComplete (34ms)
	LoadAllAssembliesAndSetupDomain (448ms)
		LoadAssemblies (351ms)
		RebuildTransferFunctionScriptingTraits (0ms)
		AnalyzeDomain (188ms)
			TypeCache.Refresh (139ms)
				TypeCache.ScanAssembly (127ms)
			BuildScriptInfoCaches (38ms)
			ResolveRequiredComponents (8ms)
	FinalizeReload (705ms)
		ReleaseScriptCaches (0ms)
		RebuildScriptCaches (0ms)
		SetupLoadedEditorAssemblies (541ms)
			LogAssemblyErrors (0ms)
			InitializePlatformSupportModulesInManaged (2ms)
			SetLoadedEditorAssemblies (5ms)
			BeforeProcessingInitializeOnLoad (82ms)
			ProcessInitializeOnLoadAttributes (412ms)
			ProcessInitializeOnLoadMethodAttributes (39ms)
			AfterProcessingInitializeOnLoad (2ms)
			EditorAssembliesLoaded (0ms)
		ExecutionOrderSort2 (0ms)
		AwakeInstancesAfterBackupRestoration (7ms)
Launched and connected shader compiler UnityShaderCompiler.exe after 0.03 seconds
Refreshing native plugins compatible for Editor in 18.76 ms, found 18 plugins.
Preloading 0 native plugins for Editor in 0.00 ms.
Unloading 13 Unused Serialized files (Serialized files now loaded: 0)
Unloading 6784 unused Assets / (4.4 MB). Loaded Objects now: 7428.
Memory consumption went from 133.1 MB to 128.7 MB.
Total: 7.106300 ms (FindLiveObjects: 1.179300 ms CreateObjectMapping: 0.495800 ms MarkObjects: 3.734800 ms  DeleteObjects: 1.695500 ms)

========================================================================
Received Prepare
Begin MonoManager ReloadAssembly
- Loaded All Assemblies, in  0.743 seconds
Refreshing native plugins compatible for Editor in 21.01 ms, found 18 plugins.
Native extension for WindowsStandalone target not found
Native extension for WebGL target not found
WwiseUnity: (ERROR) Cannot find ProjectInfo.json at C:\Users\10790523\Documents\I-Love-My-Mom-Final-Project-FPS-Game\FPSGameWwiseProject\GeneratedSoundBanks\. Ensure that the Root Output Path in the Integration Settings matches the Root Output Path in the Wwise Project Settings on the SoundBanks tab, then regenerate the SoundBanks.
UnityEngine.Debug:ExtractStackTraceNoAlloc (byte*,int,string)
UnityEngine.StackTraceUtility:ExtractStackTrace ()
UnityEngine.DebugLogHandler:Internal_Log (UnityEngine.LogType,UnityEngine.LogOption,string,UnityEngine.Object)
UnityEngine.DebugLogHandler:LogFormat (UnityEngine.LogType,UnityEngine.Object,string,object[])
UnityEngine.Logger:Log (UnityEngine.LogType,object)
UnityEngine.Debug:LogError (object)
AK.Wwise.Unity.Logging.WwiseLogger:Log (AK.Wwise.Unity.Logging.LogLevel,string) (at Assets/Wwise/Logging/Runtime/WwiseLogger.cs:166)
AK.Wwise.Unity.Logging.WwiseLogger:Error (string) (at Assets/Wwise/Logging/Runtime/WwiseLogger.cs:62)
Wwise.API.Editor.SoundBankDirectoryWatcher.Common.AkSoundBankDirectoryWatcher/<InitProjectDB>d__17:MoveNext () (at Assets/Wwise/API/Editor/AkSoundBankDirectoryWatcher.cs:118)
System.Runtime.CompilerServices.AsyncTaskMethodBuilder:Start<Wwise.API.Editor.SoundBankDirectoryWatcher.Common.AkSoundBankDirectoryWatcher/<InitProjectDB>d__17> (Wwise.API.Editor.SoundBankDirectoryWatcher.Common.AkSoundBankDirectoryWatcher/<InitProjectDB>d__17&)
Wwise.API.Editor.SoundBankDirectoryWatcher.Common.AkSoundBankDirectoryWatcher:InitProjectDB (string,string,System.DateTime)
Wwise.API.Editor.SoundBankDirectoryWatcher.Common.AkSoundBankDirectoryWatcher/<>c__DisplayClass15_0:<Execute>b__0 () (at Assets/Wwise/API/Editor/AkSoundBankDirectoryWatcher.cs:90)
System.Threading.Tasks.Task`1<System.Threading.Tasks.Task>:InnerInvoke ()
System.Threading.Tasks.Task:Execute ()
System.Threading.Tasks.Task:ExecutionContextCallback (object)
System.Threading.ExecutionContext:RunInternal (System.Threading.ExecutionContext,System.Threading.ContextCallback,object,bool)
System.Threading.ExecutionContext:Run (System.Threading.ExecutionContext,System.Threading.ContextCallback,object,bool)
System.Threading.Tasks.Task:ExecuteWithThreadLocal (System.Threading.Tasks.Task&)
System.Threading.Tasks.Task:ExecuteEntry (bool)
System.Threading.Tasks.Task:System.Threading.IThreadPoolWorkItem.ExecuteWorkItem ()
System.Threading.ThreadPoolWorkQueue:Dispatch ()
System.Threading._ThreadPoolWaitCallback:PerformWaitCallback ()

(Filename: Assets/Wwise/Logging/Runtime/WwiseLogger.cs Line: 62)

Mono: successfully reloaded assembly
- Finished resetting the current domain, in  0.712 seconds
Domain Reload Profiling: 1458ms
	BeginReloadAssembly (195ms)
		ExecutionOrderSort (0ms)
		DisableScriptedObjects (4ms)
		BackupInstance (0ms)
		ReleaseScriptingObjects (0ms)
		CreateAndSetChildDomain (49ms)
	RebuildCommonClasses (28ms)
	RebuildNativeTypeToScriptingClass (10ms)
	initialDomainReloadingComplete (27ms)
	LoadAllAssembliesAndSetupDomain (486ms)
		LoadAssemblies (405ms)
		RebuildTransferFunctionScriptingTraits (0ms)
		AnalyzeDomain (180ms)
			TypeCache.Refresh (15ms)
				TypeCache.ScanAssembly (0ms)
			BuildScriptInfoCaches (151ms)
			ResolveRequiredComponents (9ms)
	FinalizeReload (712ms)
		ReleaseScriptCaches (0ms)
		RebuildScriptCaches (0ms)
		SetupLoadedEditorAssemblies (572ms)
			LogAssemblyErrors (0ms)
			InitializePlatformSupportModulesInManaged (2ms)
			SetLoadedEditorAssemblies (5ms)
			BeforeProcessingInitializeOnLoad (98ms)
			ProcessInitializeOnLoadAttributes (421ms)
			ProcessInitializeOnLoadMethodAttributes (44ms)
			AfterProcessingInitializeOnLoad (2ms)
			EditorAssembliesLoaded (0ms)
		ExecutionOrderSort2 (0ms)
		AwakeInstancesAfterBackupRestoration (14ms)
Refreshing native plugins compatible for Editor in 21.58 ms, found 18 plugins.
Preloading 0 native plugins for Editor in 0.00 ms.
Unloading 13 Unused Serialized files (Serialized files now loaded: 0)
Unloading 6781 unused Assets / (4.8 MB). Loaded Objects now: 7445.
Memory consumption went from 141.4 MB to 136.6 MB.
Total: 9.588800 ms (FindLiveObjects: 0.672000 ms CreateObjectMapping: 0.578100 ms MarkObjects: 4.897200 ms  DeleteObjects: 3.439600 ms)

Prepare: number of updated asset objects reloaded= 0
========================================================================
Received Import Request.
  Time since last request: 64381.808100 seconds.
  path: Assets/Prefabs/Starting_Area.prefab
  artifactKey: Guid(44307c60680cd504c8c1e7641e2e52a1) Importer(815301076,1909f56bfc062723c751e8b465ee728b)
Start importing Assets/Prefabs/Starting_Area.prefab using Guid(44307c60680cd504c8c1e7641e2e52a1) Importer(815301076,1909f56bfc062723c751e8b465ee728b) (PreviewImporter) -> (artifact id: '78db1e8a7a64800f5caa52522628f58a') in 0.7858977 seconds
Number of updated asset objects reloaded before import = 0Number of asset objects unloaded after import = 389

========================================================================
Received Prepare
Begin MonoManager ReloadAssembly
[Licensing::Client] Successfully resolved entitlement details
- Loaded All Assemblies, in  0.672 seconds
Refreshing native plugins compatible for Editor in 17.49 ms, found 18 plugins.
Native extension for WindowsStandalone target not found
Native extension for WebGL target not found
WwiseUnity: (ERROR) Cannot find ProjectInfo.json at C:\Users\10790523\Documents\I-Love-My-Mom-Final-Project-FPS-Game\FPSGameWwiseProject\GeneratedSoundBanks\. Ensure that the Root Output Path in the Integration Settings matches the Root Output Path in the Wwise Project Settings on the SoundBanks tab, then regenerate the SoundBanks.
UnityEngine.Debug:ExtractStackTraceNoAlloc (byte*,int,string)
UnityEngine.StackTraceUtility:ExtractStackTrace ()
UnityEngine.DebugLogHandler:Internal_Log (UnityEngine.LogType,UnityEngine.LogOption,string,UnityEngine.Object)
UnityEngine.DebugLogHandler:LogFormat (UnityEngine.LogType,UnityEngine.Object,string,object[])
UnityEngine.Logger:Log (UnityEngine.LogType,object)
UnityEngine.Debug:LogError (object)
AK.Wwise.Unity.Logging.WwiseLogger:Log (AK.Wwise.Unity.Logging.LogLevel,string) (at Assets/Wwise/Logging/Runtime/WwiseLogger.cs:166)
AK.Wwise.Unity.Logging.WwiseLogger:Error (string) (at Assets/Wwise/Logging/Runtime/WwiseLogger.cs:62)
Wwise.API.Editor.SoundBankDirectoryWatcher.Common.AkSoundBankDirectoryWatcher/<InitProjectDB>d__17:MoveNext () (at Assets/Wwise/API/Editor/AkSoundBankDirectoryWatcher.cs:118)
System.Runtime.CompilerServices.AsyncTaskMethodBuilder:Start<Wwise.API.Editor.SoundBankDirectoryWatcher.Common.AkSoundBankDirectoryWatcher/<InitProjectDB>d__17> (Wwise.API.Editor.SoundBankDirectoryWatcher.Common.AkSoundBankDirectoryWatcher/<InitProjectDB>d__17&)
Wwise.API.Editor.SoundBankDirectoryWatcher.Common.AkSoundBankDirectoryWatcher:InitProjectDB (string,string,System.DateTime)
Wwise.API.Editor.SoundBankDirectoryWatcher.Common.AkSoundBankDirectoryWatcher/<>c__DisplayClass15_0:<Execute>b__0 () (at Assets/Wwise/API/Editor/AkSoundBankDirectoryWatcher.cs:90)
System.Threading.Tasks.Task`1<System.Threading.Tasks.Task>:InnerInvoke ()
System.Threading.Tasks.Task:Execute ()
System.Threading.Tasks.Task:ExecutionContextCallback (object)
System.Threading.ExecutionContext:RunInternal (System.Threading.ExecutionContext,System.Threading.ContextCallback,object,bool)
System.Threading.ExecutionContext:Run (System.Threading.ExecutionContext,System.Threading.ContextCallback,object,bool)
System.Threading.Tasks.Task:ExecuteWithThreadLocal (System.Threading.Tasks.Task&)
System.Threading.Tasks.Task:ExecuteEntry (bool)
System.Threading.Tasks.Task:System.Threading.IThreadPoolWorkItem.ExecuteWorkItem ()
System.Threading.ThreadPoolWorkQueue:Dispatch ()
System.Threading._ThreadPoolWaitCallback:PerformWaitCallback ()

(Filename: Assets/Wwise/Logging/Runtime/WwiseLogger.cs Line: 62)

Mono: successfully reloaded assembly
- Finished resetting the current domain, in  0.653 seconds
Domain Reload Profiling: 1327ms
	BeginReloadAssembly (199ms)
		ExecutionOrderSort (0ms)
		DisableScriptedObjects (18ms)
		BackupInstance (0ms)
		ReleaseScriptingObjects (0ms)
		CreateAndSetChildDomain (46ms)
	RebuildCommonClasses (27ms)
	RebuildNativeTypeToScriptingClass (9ms)
	initialDomainReloadingComplete (26ms)
	LoadAllAssembliesAndSetupDomain (412ms)
		LoadAssemblies (354ms)
		RebuildTransferFunctionScriptingTraits (0ms)
		AnalyzeDomain (147ms)
			TypeCache.Refresh (7ms)
				TypeCache.ScanAssembly (0ms)
			BuildScriptInfoCaches (126ms)
			ResolveRequiredComponents (9ms)
	FinalizeReload (653ms)
		ReleaseScriptCaches (0ms)
		RebuildScriptCaches (0ms)
		SetupLoadedEditorAssemblies (531ms)
			LogAssemblyErrors (0ms)
			InitializePlatformSupportModulesInManaged (2ms)
			SetLoadedEditorAssemblies (4ms)
			BeforeProcessingInitializeOnLoad (93ms)
			ProcessInitializeOnLoadAttributes (386ms)
			ProcessInitializeOnLoadMethodAttributes (43ms)
			AfterProcessingInitializeOnLoad (3ms)
			EditorAssembliesLoaded (0ms)
		ExecutionOrderSort2 (0ms)
		AwakeInstancesAfterBackupRestoration (17ms)
Refreshing native plugins compatible for Editor in 20.75 ms, found 18 plugins.
Preloading 0 native plugins for Editor in 0.00 ms.
Unloading 13 Unused Serialized files (Serialized files now loaded: 0)
Unloading 6781 unused Assets / (4.9 MB). Loaded Objects now: 7481.
Memory consumption went from 156.1 MB to 151.2 MB.
Total: 9.941400 ms (FindLiveObjects: 0.756000 ms CreateObjectMapping: 0.965600 ms MarkObjects: 5.024100 ms  DeleteObjects: 3.193800 ms)

Prepare: number of updated asset objects reloaded= 0
